[debug] [2022-07-14T01:04:32.578Z] ----------------------------------------------------------------------
[debug] [2022-07-14T01:04:32.579Z] Command:       C:\Program Files\nodejs\node.exe C:\Users\Shani\AppData\Roaming\npm\node_modules\firebase-tools\lib\bin\firebase.js init --token 1//0dQEBl4ABf2jOCgYIARAAGA0SNwF-L9Irl8o7zHUNcvawVA8zMTRnLilVuBfEQ42Zzod0cSWNDH5I3C0yVhhh57CczO62Qy5oaHw
[debug] [2022-07-14T01:04:32.580Z] CLI Version:   11.2.2
[debug] [2022-07-14T01:04:32.580Z] Platform:      win32
[debug] [2022-07-14T01:04:32.580Z] Node Version:  v16.15.1
[debug] [2022-07-14T01:04:32.581Z] Time:          Wed Jul 13 2022 22:04:32 GMT-0300 (Atlantic Daylight Time)
[debug] [2022-07-14T01:04:32.582Z] ----------------------------------------------------------------------
[debug] 
[debug] [2022-07-14T01:04:32.589Z] > command requires scopes: ["email","openid","https://www.googleapis.com/auth/cloudplatformprojects.readonly","https://www.googleapis.com/auth/firebase","https://www.googleapis.com/auth/cloud-platform"]
[debug] [2022-07-14T01:04:32.590Z] > authorizing via --token option
[info] 
     ######## #### ########  ######## ########     ###     ######  ########
     ##        ##  ##     ## ##       ##     ##  ##   ##  ##       ##
     ######    ##  ########  ######   ########  #########  ######  ######
     ##        ##  ##    ##  ##       ##     ## ##     ##       ## ##
     ##       #### ##     ## ######## ########  ##     ##  ######  ########

You're about to initialize a Firebase project in this directory:

  C:\Users\Shani\OneDrive\Documents\Projects\Arythmatic\firebase

[info] 
=== Project Setup
[info] 
[info] First, let's associate this project directory with a Firebase project.
[info] You can create multiple project aliases by running firebase use --add, 
[info] but for now we'll just set up a default project.
[info] 
[info] i  If you want to create a project in a Google Cloud organization or folder, please use "firebase projects:create" instead, and return to this command when you've created the project. 
[debug] [2022-07-14T01:05:37.059Z] > refreshing access token with scopes: []
[debug] [2022-07-14T01:05:37.061Z] >>> [apiv2][query] POST https://www.googleapis.com/oauth2/v3/token [none]
[debug] [2022-07-14T01:05:37.061Z] >>> [apiv2][body] POST https://www.googleapis.com/oauth2/v3/token [omitted]
[debug] [2022-07-14T01:05:37.199Z] <<< [apiv2][status] POST https://www.googleapis.com/oauth2/v3/token 200
[debug] [2022-07-14T01:05:37.200Z] <<< [apiv2][body] POST https://www.googleapis.com/oauth2/v3/token [omitted]
[debug] [2022-07-14T01:05:37.201Z] >>> [apiv2][query] POST https://cloudresourcemanager.googleapis.com/v1/projects [none]
[debug] [2022-07-14T01:05:37.201Z] >>> [apiv2][body] POST https://cloudresourcemanager.googleapis.com/v1/projects {"projectId":"arythmaticDb","name":"arythmaticDb"}
[debug] [2022-07-14T01:05:37.461Z] <<< [apiv2][status] POST https://cloudresourcemanager.googleapis.com/v1/projects 400
[debug] [2022-07-14T01:05:37.461Z] <<< [apiv2][body] POST https://cloudresourcemanager.googleapis.com/v1/projects {"error":{"code":400,"message":"field [project_id] has issue [project_id contains invalid characters]","status":"INVALID_ARGUMENT","details":[{"@type":"type.googleapis.com/google.rpc.BadRequest","fieldViolations":[{"field":"project_id","description":"project_id contains invalid characters"}]},{"@type":"type.googleapis.com/google.rpc.Help","links":[{"url":"https://cloud.google.com/resource-manager/reference/rest/v1/projects"}]}]}}
[debug] [2022-07-14T01:05:37.463Z] FirebaseError: HTTP Error: 400, field [project_id] has issue [project_id contains invalid characters]
    at responseToError (C:\Users\Shani\AppData\Roaming\npm\node_modules\firebase-tools\lib\responseToError.js:49:12)
    at RetryOperation._fn (C:\Users\Shani\AppData\Roaming\npm\node_modules\firebase-tools\lib\apiv2.js:287:77)
    at processTicksAndRejections (node:internal/process/task_queues:96:5)
[error] 
[error] Error: Failed to create project. See firebase-debug.log for more info.
